<?xml version="1.0" encoding="UTF-8"?>
<testng-results skipped="0" failed="0" ignored="0" total="1" passed="1">
  <reporter-output>
  </reporter-output>
  <suite name="Default suite" duration-ms="10397" started-at="2017-05-10T18:02:15Z" finished-at="2017-05-10T18:02:25Z">
    <groups>
    </groups>
    <test name="Default test" duration-ms="10397" started-at="2017-05-10T18:02:15Z" finished-at="2017-05-10T18:02:25Z">
      <class name="com.testcases.RestAssuredTest">
        <test-method status="PASS" signature="makeSureThatWebsiteIsUp()[pri:0, instance:com.testcases.RestAssuredTest@396a51ab]" name="makeSureThatWebsiteIsUp" duration-ms="10359" started-at="2017-05-10T23:32:15Z" finished-at="2017-05-10T23:32:25Z">
          <reporter-output>
          </reporter-output>
        </test-method> <!-- makeSureThatWebsiteIsUp -->
      </class> <!-- com.testcases.RestAssuredTest -->
    </test> <!-- Default test -->
  </suite> <!-- Default suite -->
</testng-results>
